{"numTotalTestSuites":36,"numPassedTestSuites":36,"numFailedTestSuites":0,"numPendingTestSuites":0,"numTotalTests":86,"numPassedTests":86,"numFailedTests":0,"numPendingTests":0,"numTodoTests":0,"snapshot":{"added":0,"failure":false,"filesAdded":0,"filesRemoved":0,"filesRemovedList":[],"filesUnmatched":0,"filesUpdated":0,"matched":0,"total":0,"unchecked":0,"uncheckedKeysByFile":[],"unmatched":0,"updated":0,"didUpdate":false},"startTime":1761574674756,"success":true,"testResults":[{"assertionResults":[{"ancestorTitles":["Contexto: AuthProvider (Hook Logic)"],"fullName":"Contexto: AuthProvider (Hook Logic) debería tener el estado inicial (loading: false, user: null) si no hay localStorage","status":"passed","title":"debería tener el estado inicial (loading: false, user: null) si no hay localStorage","duration":27.079092000000173,"failureMessages":[],"location":{"line":59,"column":3},"meta":{}},{"ancestorTitles":["Contexto: AuthProvider (Hook Logic)"],"fullName":"Contexto: AuthProvider (Hook Logic) debería cargar el usuario desde localStorage al montar","status":"passed","title":"debería cargar el usuario desde localStorage al montar","duration":9.670871999999918,"failureMessages":[],"location":{"line":66,"column":3},"meta":{}},{"ancestorTitles":["Contexto: AuthProvider (Hook Logic)"],"fullName":"Contexto: AuthProvider (Hook Logic) debería limpiar localStorage si los datos están corruptos o incompletos","status":"passed","title":"debería limpiar localStorage si los datos están corruptos o incompletos","duration":9.37118200000009,"failureMessages":[],"location":{"line":74,"column":3},"meta":{}},{"ancestorTitles":["Contexto: AuthProvider (Hook Logic)"],"fullName":"Contexto: AuthProvider (Hook Logic) debería loguear un usuario, actualizar el estado y guardar en localStorage","status":"passed","title":"debería loguear un usuario, actualizar el estado y guardar en localStorage","duration":6.30591400000003,"failureMessages":[],"location":{"line":81,"column":3},"meta":{}},{"ancestorTitles":["Contexto: AuthProvider (Hook Logic)"],"fullName":"Contexto: AuthProvider (Hook Logic) debería desloguear un usuario, limpiar el estado y limpiar localStorage","status":"passed","title":"debería desloguear un usuario, limpiar el estado y limpiar localStorage","duration":5.1566119999999955,"failureMessages":[],"location":{"line":90,"column":3},"meta":{}},{"ancestorTitles":["Componente: RequireAuth"],"fullName":"Componente: RequireAuth debería redirigir a / (login) si no está logueado","status":"passed","title":"debería redirigir a / (login) si no está logueado","duration":25.166427999999996,"failureMessages":[],"location":{"line":129,"column":3},"meta":{}},{"ancestorTitles":["Componente: RequireAuth"],"fullName":"Componente: RequireAuth debería renderizar el children si está logueado","status":"passed","title":"debería renderizar el children si está logueado","duration":5.654842999999801,"failureMessages":[],"location":{"line":142,"column":3},"meta":{}},{"ancestorTitles":["Componente: RequireAdmin"],"fullName":"Componente: RequireAdmin debería redirigir a / (login) si no está logueado","status":"passed","title":"debería redirigir a / (login) si no está logueado","duration":4.426450999999815,"failureMessages":[],"location":{"line":158,"column":3},"meta":{}},{"ancestorTitles":["Componente: RequireAdmin"],"fullName":"Componente: RequireAdmin debería redirigir a /home si es un Cliente (no admin)","status":"passed","title":"debería redirigir a /home si es un Cliente (no admin)","duration":4.429960000000165,"failureMessages":[],"location":{"line":170,"column":3},"meta":{}},{"ancestorTitles":["Componente: RequireAdmin"],"fullName":"Componente: RequireAdmin debería renderizar el children si es un Administrador","status":"passed","title":"debería renderizar el children si es un Administrador","duration":4.4426599999999326,"failureMessages":[],"location":{"line":182,"column":3},"meta":{}}],"startTime":1761574682161,"endTime":1761574682263.4426,"status":"passed","message":"","name":"/home/kali/Documentos/NuevoProyecto/NuevoProyecto/__test__/AuthContext.test.jsx"},{"assertionResults":[{"ancestorTitles":["Componente: Blog (blog.jsx)"],"fullName":"Componente: Blog (blog.jsx) debería renderizar el título principal de la página","status":"passed","title":"debería renderizar el título principal de la página","duration":243.27062400000023,"failureMessages":[],"location":{"line":18,"column":3},"meta":{}},{"ancestorTitles":["Componente: Blog (blog.jsx)"],"fullName":"Componente: Blog (blog.jsx) debería renderizar la lista de artículos del blog","status":"passed","title":"debería renderizar la lista de artículos del blog","duration":124.0307130000001,"failureMessages":[],"location":{"line":27,"column":3},"meta":{}},{"ancestorTitles":["Componente: Blog (blog.jsx)"],"fullName":"Componente: Blog (blog.jsx) debería tener los links correctos para cada artículo","status":"passed","title":"debería tener los links correctos para cada artículo","duration":100.22080800000003,"failureMessages":[],"location":{"line":53,"column":3},"meta":{}}],"startTime":1761574680395,"endTime":1761574680862.2207,"status":"passed","message":"","name":"/home/kali/Documentos/NuevoProyecto/NuevoProyecto/__test__/blog.test.jsx"},{"assertionResults":[{"ancestorTitles":["Página Carro"],"fullName":"Página Carro 1. muestra \"carrito vacío\" si no hay items","status":"passed","title":"1. muestra \"carrito vacío\" si no hay items","duration":203.34520599999996,"failureMessages":[],"location":{"line":84,"column":3},"meta":{}},{"ancestorTitles":["Página Carro"],"fullName":"Página Carro 2. muestra items y totales (Usuario Deslogueado)","status":"passed","title":"2. muestra items y totales (Usuario Deslogueado)","duration":208.6222590000002,"failureMessages":[],"location":{"line":91,"column":3},"meta":{}},{"ancestorTitles":["Página Carro"],"fullName":"Página Carro 3. muestra la dirección si el usuario está logueado","status":"passed","title":"3. muestra la dirección si el usuario está logueado","duration":104.10098300000027,"failureMessages":[],"location":{"line":110,"column":3},"meta":{}},{"ancestorTitles":["Página Carro"],"fullName":"Página Carro 4. las funciones del carrito (+, -, eliminar) son llamadas","status":"passed","title":"4. las funciones del carrito (+, -, eliminar) son llamadas","duration":125.1658309999998,"failureMessages":[],"location":{"line":128,"column":3},"meta":{}},{"ancestorTitles":["Página Carro"],"fullName":"Página Carro 5. navega a /checkout si el usuario está logueado","status":"passed","title":"5. navega a /checkout si el usuario está logueado","duration":83.49676799999997,"failureMessages":[],"location":{"line":142,"column":3},"meta":{}},{"ancestorTitles":["Página Carro"],"fullName":"Página Carro 6. muestra \"Error: No hay dirección registrada\" si el usuario no tiene dirección","status":"passed","title":"6. muestra \"Error: No hay dirección registrada\" si el usuario no tiene dirección","duration":79.16689900000029,"failureMessages":[],"location":{"line":152,"column":3},"meta":{}}],"startTime":1761574677383,"endTime":1761574678188.167,"status":"passed","message":"","name":"/home/kali/Documentos/NuevoProyecto/NuevoProyecto/__test__/carro.test.jsx"},{"assertionResults":[{"ancestorTitles":["Contexto: CartContext"],"fullName":"Contexto: CartContext debería tener un carrito vacío inicialmente","status":"passed","title":"debería tener un carrito vacío inicialmente","duration":32.629924000000074,"failureMessages":[],"location":{"line":26,"column":3},"meta":{}},{"ancestorTitles":["Contexto: CartContext"],"fullName":"Contexto: CartContext debería agregar un nuevo producto al carrito","status":"passed","title":"debería agregar un nuevo producto al carrito","duration":11.112606000000142,"failureMessages":[],"location":{"line":32,"column":3},"meta":{}},{"ancestorTitles":["Contexto: CartContext"],"fullName":"Contexto: CartContext debería incrementar la cantidad de un producto existente","status":"passed","title":"debería incrementar la cantidad de un producto existente","duration":10.364373000000114,"failureMessages":[],"location":{"line":45,"column":3},"meta":{}},{"ancestorTitles":["Contexto: CartContext"],"fullName":"Contexto: CartContext debería agregar múltiples productos diferentes","status":"passed","title":"debería agregar múltiples productos diferentes","duration":6.857076000000006,"failureMessages":[],"location":{"line":62,"column":3},"meta":{}},{"ancestorTitles":["Contexto: CartContext"],"fullName":"Contexto: CartContext debería decrementar la cantidad de un producto","status":"passed","title":"debería decrementar la cantidad de un producto","duration":7.384577000000036,"failureMessages":[],"location":{"line":75,"column":3},"meta":{}},{"ancestorTitles":["Contexto: CartContext"],"fullName":"Contexto: CartContext debería eliminar el producto si la cantidad es 1 al usar removeFromCart","status":"passed","title":"debería eliminar el producto si la cantidad es 1 al usar removeFromCart","duration":5.234002000000146,"failureMessages":[],"location":{"line":93,"column":3},"meta":{}},{"ancestorTitles":["Contexto: CartContext"],"fullName":"Contexto: CartContext debería eliminar un producto por completo (removeItem), sin importar la cantidad","status":"passed","title":"debería eliminar un producto por completo (removeItem), sin importar la cantidad","duration":4.975300999999945,"failureMessages":[],"location":{"line":111,"column":3},"meta":{}},{"ancestorTitles":["Contexto: CartContext"],"fullName":"Contexto: CartContext debería vaciar el carrito por completo (clearCart)","status":"passed","title":"debería vaciar el carrito por completo (clearCart)","duration":5.453253000000132,"failureMessages":[],"location":{"line":130,"column":3},"meta":{}}],"startTime":1761574682091,"endTime":1761574682175.4534,"status":"passed","message":"","name":"/home/kali/Documentos/NuevoProyecto/NuevoProyecto/__test__/cartContext.test.jsx"},{"assertionResults":[{"ancestorTitles":["Página Categoria"],"fullName":"Página Categoria 1. Muestra estado de carga inicial","status":"passed","title":"1. Muestra estado de carga inicial","duration":86.77242799999976,"failureMessages":[],"location":{"line":77,"column":3},"meta":{}},{"ancestorTitles":["Página Categoria"],"fullName":"Página Categoria 2. Muestra el título y productos para la categoría 1","status":"passed","title":"2. Muestra el título y productos para la categoría 1","duration":143.318178,"failureMessages":[],"location":{"line":82,"column":3},"meta":{}},{"ancestorTitles":["Página Categoria"],"fullName":"Página Categoria 3. Muestra mensaje \"No hay productos\" para la categoría 2","status":"passed","title":"3. Muestra mensaje \"No hay productos\" para la categoría 2","duration":62.39213199999995,"failureMessages":[],"location":{"line":99,"column":3},"meta":{}},{"ancestorTitles":["Página Categoria"],"fullName":"Página Categoria 4. Muestra mensaje de error si la API falla para categoría 99","status":"passed","title":"4. Muestra mensaje de error si la API falla para categoría 99","duration":48.948031999999785,"failureMessages":[],"location":{"line":114,"column":3},"meta":{}}],"startTime":1761574680972,"endTime":1761574681313.948,"status":"passed","message":"","name":"/home/kali/Documentos/NuevoProyecto/NuevoProyecto/__test__/categoria.test.jsx"},{"assertionResults":[{"ancestorTitles":["Página Categorias"],"fullName":"Página Categorias 1. Muestra estado de carga inicial","status":"passed","title":"1. Muestra estado de carga inicial","duration":112.71806599999991,"failureMessages":[],"location":{"line":41,"column":3},"meta":{}},{"ancestorTitles":["Página Categorias"],"fullName":"Página Categorias 2. Muestra la lista de categorías después de cargar","status":"passed","title":"2. Muestra la lista de categorías después de cargar","duration":319.90672799999993,"failureMessages":[],"location":{"line":46,"column":3},"meta":{}},{"ancestorTitles":["Página Categorias"],"fullName":"Página Categorias 3. Muestra mensaje si la API falla","status":"passed","title":"3. Muestra mensaje si la API falla","duration":34.74365899999975,"failureMessages":[],"location":{"line":73,"column":3},"meta":{}}],"startTime":1761574680180,"endTime":1761574680647.7437,"status":"passed","message":"","name":"/home/kali/Documentos/NuevoProyecto/NuevoProyecto/__test__/categorias.test.jsx"},{"assertionResults":[{"ancestorTitles":["Página Checkout"],"fullName":"Página Checkout 1. Redirige a / si el usuario no está logueado","status":"passed","title":"1. Redirige a / si el usuario no está logueado","duration":4.114208999999846,"failureMessages":[],"location":{"line":67,"column":3},"meta":{}},{"ancestorTitles":["Página Checkout"],"fullName":"Página Checkout 2. Redirige a /carro si el carrito está vacío","status":"passed","title":"2. Redirige a /carro si el carrito está vacío","duration":1.101173000000017,"failureMessages":[],"location":{"line":68,"column":3},"meta":{}},{"ancestorTitles":["Página Checkout"],"fullName":"Página Checkout 3. Muestra formulario y resumen (pre-poblado con dirección)","status":"passed","title":"3. Muestra formulario y resumen (pre-poblado con dirección)","duration":0.6176810000001751,"failureMessages":[],"location":{"line":69,"column":3},"meta":{}},{"ancestorTitles":["Página Checkout"],"fullName":"Página Checkout 4. Muestra error de validación si un campo está vacío","status":"passed","title":"4. Muestra error de validación si un campo está vacío","duration":0.5053609999999935,"failureMessages":[],"location":{"line":70,"column":3},"meta":{}},{"ancestorTitles":["Página Checkout"],"fullName":"Página Checkout 5. Envía el formulario y muestra pantalla de éxito","status":"passed","title":"5. Envía el formulario y muestra pantalla de éxito","duration":367.4059550000002,"failureMessages":[],"location":{"line":72,"column":3},"meta":{}},{"ancestorTitles":["Página Checkout"],"fullName":"Página Checkout 6. Navega a /checkout/rechazado si la API falla (ok: false)","status":"passed","title":"6. Navega a /checkout/rechazado si la API falla (ok: false)","duration":150.14006599999993,"failureMessages":[],"location":{"line":97,"column":3},"meta":{}},{"ancestorTitles":["Página Checkout"],"fullName":"Página Checkout 7. Navega a /checkout/rechazado si fetch es rechazado (error de red)","status":"passed","title":"7. Navega a /checkout/rechazado si fetch es rechazado (error de red)","duration":116.33108200000015,"failureMessages":[],"location":{"line":122,"column":3},"meta":{}}],"startTime":1761574677376,"endTime":1761574678017.331,"status":"passed","message":"","name":"/home/kali/Documentos/NuevoProyecto/NuevoProyecto/__test__/checkout.test.jsx"},{"assertionResults":[{"ancestorTitles":["Página DetallesProductos"],"fullName":"Página DetallesProductos 1. muestra \"Cargando...\" inicialmente","status":"passed","title":"1. muestra \"Cargando...\" inicialmente","duration":109.30444499999976,"failureMessages":[],"location":{"line":76,"column":3},"meta":{}},{"ancestorTitles":["Página DetallesProductos"],"fullName":"Página DetallesProductos 2. muestra los detalles del producto y el precio con descuento","status":"passed","title":"2. muestra los detalles del producto y el precio con descuento","duration":300.7208350000001,"failureMessages":[],"location":{"line":81,"column":3},"meta":{}},{"ancestorTitles":["Página DetallesProductos"],"fullName":"Página DetallesProductos 3. llama a addToCart cuando se hace clic en el botón","status":"passed","title":"3. llama a addToCart cuando se hace clic en el botón","duration":95.2900139999997,"failureMessages":[],"location":{"line":97,"column":3},"meta":{}},{"ancestorTitles":["Página DetallesProductos"],"fullName":"Página DetallesProductos 4. muestra \"Sin stock\" y deshabilita el botón si el stock es 0","status":"passed","title":"4. muestra \"Sin stock\" y deshabilita el botón si el stock es 0","duration":74.42267700000002,"failureMessages":[],"location":{"line":111,"column":3},"meta":{}},{"ancestorTitles":["Página DetallesProductos"],"fullName":"Página DetallesProductos 5. muestra un mensaje de error si la API falla","status":"passed","title":"5. muestra un mensaje de error si la API falla","duration":15.319715000000087,"failureMessages":[],"location":{"line":124,"column":3},"meta":{}}],"startTime":1761574677382,"endTime":1761574677977.3198,"status":"passed","message":"","name":"/home/kali/Documentos/NuevoProyecto/NuevoProyecto/__test__/detalleProductos.test.jsx"},{"assertionResults":[{"ancestorTitles":["Componente: Header","Escenario: Usuario Invitado (No Logueado)"],"fullName":"Componente: Header Escenario: Usuario Invitado (No Logueado) debería mostrar los links de navegación principales","status":"passed","title":"debería mostrar los links de navegación principales","duration":314.98331700000017,"failureMessages":[],"location":{"line":79,"column":5},"meta":{}},{"ancestorTitles":["Componente: Header","Escenario: Usuario Invitado (No Logueado)"],"fullName":"Componente: Header Escenario: Usuario Invitado (No Logueado) debería mostrar \"Iniciar Sesión\" y \"Regístrate\"","status":"passed","title":"debería mostrar \"Iniciar Sesión\" y \"Regístrate\"","duration":135.63554399999975,"failureMessages":[],"location":{"line":89,"column":5},"meta":{}},{"ancestorTitles":["Componente: Header","Escenario: Usuario Invitado (No Logueado)"],"fullName":"Componente: Header Escenario: Usuario Invitado (No Logueado) no debería mostrar el link de Admin","status":"passed","title":"no debería mostrar el link de Admin","duration":62.137259000000086,"failureMessages":[],"location":{"line":96,"column":5},"meta":{}},{"ancestorTitles":["Componente: Header","Escenario: Usuario Invitado (No Logueado)"],"fullName":"Componente: Header Escenario: Usuario Invitado (No Logueado) debería mostrar el carrito vacío (sin contador)","status":"passed","title":"debería mostrar el carrito vacío (sin contador)","duration":28.379213000000163,"failureMessages":[],"location":{"line":102,"column":5},"meta":{}},{"ancestorTitles":["Componente: Header","Escenario: Usuario Cliente (Logueado)"],"fullName":"Componente: Header Escenario: Usuario Cliente (Logueado) debería mostrar el nombre del usuario y el botón \"Cerrar sesión\"","status":"passed","title":"debería mostrar el nombre del usuario y el botón \"Cerrar sesión\"","duration":72.27510299999994,"failureMessages":[],"location":{"line":112,"column":5},"meta":{}},{"ancestorTitles":["Componente: Header","Escenario: Usuario Cliente (Logueado)"],"fullName":"Componente: Header Escenario: Usuario Cliente (Logueado) no debería mostrar el link de Admin","status":"passed","title":"no debería mostrar el link de Admin","duration":41.753463999999894,"failureMessages":[],"location":{"line":121,"column":5},"meta":{}},{"ancestorTitles":["Componente: Header","Escenario: Usuario Cliente (Logueado)"],"fullName":"Componente: Header Escenario: Usuario Cliente (Logueado) debería llamar a logout y navegar a /home al cerrar sesión","status":"passed","title":"debería llamar a logout y navegar a /home al cerrar sesión","duration":89.80350299999964,"failureMessages":[],"location":{"line":127,"column":5},"meta":{}},{"ancestorTitles":["Componente: Header","Escenario: Usuario Cliente (Logueado)"],"fullName":"Componente: Header Escenario: Usuario Cliente (Logueado) debería mostrar el contador del carrito con 3 items","status":"passed","title":"debería mostrar el contador del carrito con 3 items","duration":21.708948999999848,"failureMessages":[],"location":{"line":137,"column":5},"meta":{}},{"ancestorTitles":["Componente: Header","Escenario: Usuario Administrador (Logueado)"],"fullName":"Componente: Header Escenario: Usuario Administrador (Logueado) debería mostrar el link de Admin","status":"passed","title":"debería mostrar el link de Admin","duration":40.217191000000184,"failureMessages":[],"location":{"line":149,"column":5},"meta":{}},{"ancestorTitles":["Componente: Header","Funcionalidad: Menú Mobile"],"fullName":"Componente: Header Funcionalidad: Menú Mobile debería abrir y cerrar el menú mobile al hacer clic en el toggle","status":"passed","title":"debería abrir y cerrar el menú mobile al hacer clic en el toggle","duration":240.52133200000026,"failureMessages":[],"location":{"line":160,"column":5},"meta":{}},{"ancestorTitles":["Componente: Header","Funcionalidad: Menú Mobile"],"fullName":"Componente: Header Funcionalidad: Menú Mobile debería cerrar el menú mobile al hacer clic en un link","status":"passed","title":"debería cerrar el menú mobile al hacer clic en un link","duration":203.29711899999984,"failureMessages":[],"location":{"line":181,"column":5},"meta":{}},{"ancestorTitles":["Componente: Header","Funcionalidad: Menú Mobile"],"fullName":"Componente: Header Funcionalidad: Menú Mobile debería mostrar el contenido correcto en el menú mobile (Admin, Carrito lleno)","status":"passed","title":"debería mostrar el contenido correcto en el menú mobile (Admin, Carrito lleno)","duration":102.18217000000004,"failureMessages":[],"location":{"line":198,"column":5},"meta":{}}],"startTime":1761574677459,"endTime":1761574678814.1821,"status":"passed","message":"","name":"/home/kali/Documentos/NuevoProyecto/NuevoProyecto/__test__/header.test.jsx"},{"assertionResults":[{"ancestorTitles":["Página Home"],"fullName":"Página Home 1. muestra los estados de carga iniciales","status":"passed","title":"1. muestra los estados de carga iniciales","duration":160.20304499999975,"failureMessages":[],"location":{"line":88,"column":3},"meta":{}},{"ancestorTitles":["Página Home"],"fullName":"Página Home 2. muestra productos en oferta y categorías al cargar exitosamente","status":"passed","title":"2. muestra productos en oferta y categorías al cargar exitosamente","duration":149.547231,"failureMessages":[],"location":{"line":96,"column":3},"meta":{}},{"ancestorTitles":["Página Home"],"fullName":"Página Home 3. muestra el contenido estático del blog","status":"passed","title":"3. muestra el contenido estático del blog","duration":157.7752489999998,"failureMessages":[],"location":{"line":112,"column":3},"meta":{}},{"ancestorTitles":["Página Home"],"fullName":"Página Home 4. muestra mensajes de error si las APIs fallan","status":"passed","title":"4. muestra mensajes de error si las APIs fallan","duration":54.117243000000144,"failureMessages":[],"location":{"line":120,"column":3},"meta":{}}],"startTime":1761574680241,"endTime":1761574680759.1172,"status":"passed","message":"","name":"/home/kali/Documentos/NuevoProyecto/NuevoProyecto/__test__/home.test.jsx"},{"assertionResults":[{"ancestorTitles":["Componente: LoginForm (inicio.jsx)"],"fullName":"Componente: LoginForm (inicio.jsx) debería renderizar el formulario de inicio de sesión correctamente","status":"passed","title":"debería renderizar el formulario de inicio de sesión correctamente","duration":244.22686799999974,"failureMessages":[],"location":{"line":57,"column":3},"meta":{}},{"ancestorTitles":["Componente: LoginForm (inicio.jsx)"],"fullName":"Componente: LoginForm (inicio.jsx) debería mostrar error de validación si los campos están vacíos","status":"passed","title":"debería mostrar error de validación si los campos están vacíos","duration":169.97196200000008,"failureMessages":[],"location":{"line":63,"column":3},"meta":{}},{"ancestorTitles":["Componente: LoginForm (inicio.jsx)"],"fullName":"Componente: LoginForm (inicio.jsx) debería mostrar \"Ingresando...\" y deshabilitar el botón durante la carga","status":"passed","title":"debería mostrar \"Ingresando...\" y deshabilitar el botón durante la carga","duration":582.0339499999995,"failureMessages":[],"location":{"line":72,"column":4},"meta":{}},{"ancestorTitles":["Componente: LoginForm (inicio.jsx)"],"fullName":"Componente: LoginForm (inicio.jsx) debería loguear a un Cliente, llamar a context.login y navegar a /home","status":"passed","title":"debería loguear a un Cliente, llamar a context.login y navegar a /home","duration":592.9312470000004,"failureMessages":[],"location":{"line":98,"column":3},"meta":{}},{"ancestorTitles":["Componente: LoginForm (inicio.jsx)"],"fullName":"Componente: LoginForm (inicio.jsx) debería loguear a un Administrador y navegar a /admin","status":"passed","title":"debería loguear a un Administrador y navegar a /admin","duration":386.211765,"failureMessages":[],"location":{"line":127,"column":3},"meta":{}},{"ancestorTitles":["Componente: LoginForm (inicio.jsx)"],"fullName":"Componente: LoginForm (inicio.jsx) debería redirigir a la página previa (ej. /carrito) si venía de allí","status":"passed","title":"debería redirigir a la página previa (ej. /carrito) si venía de allí","duration":465.852175,"failureMessages":[],"location":{"line":142,"column":3},"meta":{}},{"ancestorTitles":["Componente: LoginForm (inicio.jsx)"],"fullName":"Componente: LoginForm (inicio.jsx) debería mostrar error si las credenciales son incorrectas (fetch ok: false)","status":"passed","title":"debería mostrar error si las credenciales son incorrectas (fetch ok: false)","duration":514.6072199999999,"failureMessages":[],"location":{"line":157,"column":3},"meta":{}},{"ancestorTitles":["Componente: LoginForm (inicio.jsx)"],"fullName":"Componente: LoginForm (inicio.jsx) debería mostrar error de conexión si fetch es rechazado (error de red)","status":"passed","title":"debería mostrar error de conexión si fetch es rechazado (error de red)","duration":377.2212679999993,"failureMessages":[],"location":{"line":170,"column":3},"meta":{}}],"startTime":1761574677405,"endTime":1761574680739.2212,"status":"passed","message":"","name":"/home/kali/Documentos/NuevoProyecto/NuevoProyecto/__test__/inicio.test.jsx"},{"assertionResults":[{"ancestorTitles":["Componente: Nosotros (nosotros.jsx)"],"fullName":"Componente: Nosotros (nosotros.jsx) debería renderizar el contenido estático de la página \"Nosotros\"","status":"passed","title":"debería renderizar el contenido estático de la página \"Nosotros\"","duration":183.5203509999999,"failureMessages":[],"location":{"line":18,"column":3},"meta":{}}],"startTime":1761574682065,"endTime":1761574682248.5203,"status":"passed","message":"","name":"/home/kali/Documentos/NuevoProyecto/NuevoProyecto/__test__/nosotros.test.jsx"},{"assertionResults":[{"ancestorTitles":["Componente: Sales (ofertas.jsx)"],"fullName":"Componente: Sales (ofertas.jsx) debería mostrar el estado de \"Cargando ofertas…\" inicialmente","status":"passed","title":"debería mostrar el estado de \"Cargando ofertas…\" inicialmente","duration":73.94986599999993,"failureMessages":[],"location":{"line":50,"column":3},"meta":{}},{"ancestorTitles":["Componente: Sales (ofertas.jsx)"],"fullName":"Componente: Sales (ofertas.jsx) debería mostrar \"No hay productos en oferta\" si fetch retorna un array vacío","status":"passed","title":"debería mostrar \"No hay productos en oferta\" si fetch retorna un array vacío","duration":168.98223899999994,"failureMessages":[],"location":{"line":60,"column":3},"meta":{}},{"ancestorTitles":["Componente: Sales (ofertas.jsx)"],"fullName":"Componente: Sales (ofertas.jsx) debería renderizar la lista de productos en oferta si fetch retorna datos","status":"passed","title":"debería renderizar la lista de productos en oferta si fetch retorna datos","duration":233.6928640000001,"failureMessages":[],"location":{"line":79,"column":3},"meta":{}},{"ancestorTitles":["Componente: Sales (ofertas.jsx)"],"fullName":"Componente: Sales (ofertas.jsx) debería mostrar \"No hay productos en oferta\" si el fetch falla (es rechazado)","status":"passed","title":"debería mostrar \"No hay productos en oferta\" si el fetch falla (es rechazado)","duration":19.807225000000017,"failureMessages":[],"location":{"line":116,"column":3},"meta":{}}],"startTime":1761574677302,"endTime":1761574677798.8071,"status":"passed","message":"","name":"/home/kali/Documentos/NuevoProyecto/NuevoProyecto/__test__/ofertas.test.jsx"},{"assertionResults":[{"ancestorTitles":["Página Productos"],"fullName":"Página Productos 1. Muestra el estado de carga inicial","status":"passed","title":"1. Muestra el estado de carga inicial","duration":130.479777,"failureMessages":[],"location":{"line":64,"column":3},"meta":{}},{"ancestorTitles":["Página Productos"],"fullName":"Página Productos 2. Muestra productos agrupados por categoría después de cargar","status":"passed","title":"2. Muestra productos agrupados por categoría después de cargar","duration":296.05464299999994,"failureMessages":[],"location":{"line":69,"column":3},"meta":{}},{"ancestorTitles":["Página Productos"],"fullName":"Página Productos 3. Muestra mensaje de error si falla la carga de categorías","status":"passed","title":"3. Muestra mensaje de error si falla la carga de categorías","duration":37.57962600000019,"failureMessages":[],"location":{"line":90,"column":3},"meta":{}},{"ancestorTitles":["Página Productos"],"fullName":"Página Productos 4. Muestra mensaje de error si falla la carga de productos","status":"passed","title":"4. Muestra mensaje de error si falla la carga de productos","duration":21.637509000000136,"failureMessages":[],"location":{"line":118,"column":3},"meta":{}}],"startTime":1761574680304,"endTime":1761574680791.6375,"status":"passed","message":"","name":"/home/kali/Documentos/NuevoProyecto/NuevoProyecto/__test__/productos.test.jsx"},{"assertionResults":[{"ancestorTitles":["Componente: RegisterForm"],"fullName":"Componente: RegisterForm debería renderizar el formulario correctamente","status":"passed","title":"debería renderizar el formulario correctamente","duration":388.9006629999999,"failureMessages":[],"location":{"line":47,"column":3},"meta":{}},{"ancestorTitles":["Componente: RegisterForm"],"fullName":"Componente: RegisterForm debería mostrar errores de validación al enviar el formulario vacío","status":"passed","title":"debería mostrar errores de validación al enviar el formulario vacío","duration":198.7346560000001,"failureMessages":[],"location":{"line":57,"column":3},"meta":{}},{"ancestorTitles":["Componente: RegisterForm"],"fullName":"Componente: RegisterForm debería mostrar un error si las contraseñas no coinciden","status":"passed","title":"debería mostrar un error si las contraseñas no coinciden","duration":670.3427819999997,"failureMessages":[],"location":{"line":66,"column":3},"meta":{}},{"ancestorTitles":["Componente: RegisterForm"],"fullName":"Componente: RegisterForm debería cargar comunas al seleccionar una región y resetearla al cambiar","status":"passed","title":"debería cargar comunas al seleccionar una región y resetearla al cambiar","duration":163.2910579999998,"failureMessages":[],"location":{"line":75,"column":3},"meta":{}},{"ancestorTitles":["Componente: RegisterForm"],"fullName":"Componente: RegisterForm debería registrar al usuario, mostrar mensaje y navegar al inicio (/)","status":"passed","title":"debería registrar al usuario, mostrar mensaje y navegar al inicio (/)","duration":3182.732699,"failureMessages":[],"location":{"line":100,"column":3},"meta":{}},{"ancestorTitles":["Componente: RegisterForm"],"fullName":"Componente: RegisterForm debería mostrar un mensaje de error del servidor si el registro falla...","status":"passed","title":"debería mostrar un mensaje de error del servidor si el registro falla...","duration":682.0280649999995,"failureMessages":[],"location":{"line":130,"column":3},"meta":{}},{"ancestorTitles":["Componente: RegisterForm"],"fullName":"Componente: RegisterForm debería mostrar un error de conexión si fetch es rechazado...","status":"passed","title":"debería mostrar un error de conexión si fetch es rechazado...","duration":530.9668110000002,"failureMessages":[],"location":{"line":148,"column":3},"meta":{}}],"startTime":1761574677414,"endTime":1761574683231.9668,"status":"passed","message":"","name":"/home/kali/Documentos/NuevoProyecto/NuevoProyecto/__test__/registro.test.jsx"}]}